"../../../../../../Users/S Zjalic/Documents/Unreal Projects/SPACEGAME/Content/2D_Space_Starter_Kit/BP_Overview.uasset" 0
"../../../../../../Users/S Zjalic/Documents/Unreal Projects/SPACEGAME/Content/2D_Space_Starter_Kit/ExampleGames/AsteroidChaos/BP_AsteroidChaosControls.uasset" 1
"../../../../../../Users/S Zjalic/Documents/Unreal Projects/SPACEGAME/Content/2D_Space_Starter_Kit/ExampleGames/AsteroidChaos/BP_AsteroidChaosOverview.uasset" 2
"../../../../../../Users/S Zjalic/Documents/Unreal Projects/SPACEGAME/Content/2D_Space_Starter_Kit/ExampleGames/AsteroidChaos/Audio/SW_Explo.uasset" 3
"../../../../../../Users/S Zjalic/Documents/Unreal Projects/SPACEGAME/Content/2D_Space_Starter_Kit/ExampleGames/AsteroidChaos/Audio/Cues/SW_Explo_Cue.uasset" 4
"../../../../../../Users/S Zjalic/Documents/Unreal Projects/SPACEGAME/Content/2D_Space_Starter_Kit/ExampleGames/AsteroidChaos/Audio/SW_Shoot.uasset" 5
"../../../../../../Users/S Zjalic/Documents/Unreal Projects/SPACEGAME/Content/2D_Space_Starter_Kit/ExampleGames/AsteroidChaos/Audio/Cues/SW_Shoot_Cue.uasset" 6
"../../../../../../Users/S Zjalic/Documents/Unreal Projects/SPACEGAME/Content/2D_Space_Starter_Kit/ExampleGames/AsteroidChaos/Audio/SW_Space.uasset" 7
"../../../../../../Users/S Zjalic/Documents/Unreal Projects/SPACEGAME/Content/2D_Space_Starter_Kit/ExampleGames/AsteroidChaos/Audio/Cues/SW_Space_Cue.uasset" 8
"../../../../../../Users/S Zjalic/Documents/Unreal Projects/SPACEGAME/Content/2D_Space_Starter_Kit/ExampleGames/AsteroidChaos/Widgets/moonshot_logo_darkBG.uasset" 9
"../../../../../../Users/S Zjalic/Documents/Unreal Projects/SPACEGAME/Content/2D_Space_Starter_Kit/ExampleGames/AsteroidChaos/Widgets/moonshot_logo_symbol_darkBG.uasset" 10
"../../../../../../Users/S Zjalic/Documents/Unreal Projects/SPACEGAME/Content/2D_Space_Starter_Kit/ExampleGames/AsteroidChaos/Widgets/moonshot_logo_text_whiteBG.uasset" 11
"../../../../../../Users/S Zjalic/Documents/Unreal Projects/SPACEGAME/Content/2D_Space_Starter_Kit/ExampleGames/AsteroidChaos/Widgets/moonshot_logo_text_whiteBG_-_Copy.uasset" 12
"../../../../../../Users/S Zjalic/Documents/Unreal Projects/SPACEGAME/Content/2D_Space_Starter_Kit/ExampleGames/AsteroidChaos/Widgets/moonshot_logo_whiteBG.uasset" 13
"../../../../../../Users/S Zjalic/Documents/Unreal Projects/SPACEGAME/Content/2D_Space_Starter_Kit/ExampleGames/CosmicFire/BP_CosmicFireControls.uasset" 14
"../../../../../../Users/S Zjalic/Documents/Unreal Projects/SPACEGAME/Content/2D_Space_Starter_Kit/ExampleGames/CosmicFire/BP_CosmicFireOverview.uasset" 15
"../../../../../../Users/S Zjalic/Documents/Unreal Projects/SPACEGAME/Content/2D_Space_Starter_Kit/ExampleGames/CosmicFire/Audio/SoundClasses/SC_FX.uasset" 16
"../../../../../../Users/S Zjalic/Documents/Unreal Projects/SPACEGAME/Content/2D_Space_Starter_Kit/ExampleGames/CosmicFire/Audio/SoundClasses/SC_Master.uasset" 17
"../../../../../../Users/S Zjalic/Documents/Unreal Projects/SPACEGAME/Content/2D_Space_Starter_Kit/ExampleGames/CosmicFire/Audio/SoundClasses/SC_Music.uasset" 18
"../../../../../../Users/S Zjalic/Documents/Unreal Projects/SPACEGAME/Content/2D_Space_Starter_Kit/ExampleGames/CosmicFire/Audio/SW_BG_Music.uasset" 19
"../../../../../../Users/S Zjalic/Documents/Unreal Projects/SPACEGAME/Content/2D_Space_Starter_Kit/ExampleGames/CosmicFire/Audio/Cues/SW_BG_Music_Cue.uasset" 20
"../../../../../../Users/S Zjalic/Documents/Unreal Projects/SPACEGAME/Content/2D_Space_Starter_Kit/ExampleGames/CosmicFire/Audio/SW_Explo_FX.uasset" 21
"../../../../../../Users/S Zjalic/Documents/Unreal Projects/SPACEGAME/Content/2D_Space_Starter_Kit/ExampleGames/CosmicFire/Audio/Cues/SW_Explo_FX_Cue.uasset" 22
"../../../../../../Users/S Zjalic/Documents/Unreal Projects/SPACEGAME/Content/2D_Space_Starter_Kit/ExampleGames/CosmicFire/Audio/SW_Shoot_FX.uasset" 23
"../../../../../../Users/S Zjalic/Documents/Unreal Projects/SPACEGAME/Content/2D_Space_Starter_Kit/ExampleGames/CosmicFire/Audio/Cues/SW_Shoot_FX_Cue.uasset" 24
"../../../Engine/Content/EditorBlueprintResources/StandardMacros.uasset" 25
"../../../../../../Users/S Zjalic/Documents/Unreal Projects/SPACEGAME/Content/2D_Space_Starter_Kit/Blueprints/BPML_Actors.uasset" 26
"../../../../../../Users/S Zjalic/Documents/Unreal Projects/SPACEGAME/Content/2D_Space_Starter_Kit/Blueprints/PaperFlyingPawn/Data/EFlyingPawnState.uasset" 27
"../../../../../../Users/S Zjalic/Documents/Unreal Projects/SPACEGAME/Content/2D_Space_Starter_Kit/Blueprints/PaperFlyingPawn/Data/FFlyingPawnFlipbooks.uasset" 28
"../../../../../../Users/S Zjalic/Documents/Unreal Projects/SPACEGAME/Content/2D_Space_Starter_Kit/Blueprints/PaperFlyingPawn/BP_PaperFlyingPawn.uasset" 29
"../../../../../../Users/S Zjalic/Documents/Unreal Projects/SPACEGAME/Content/2D_Space_Starter_Kit/Blueprints/Projectile/BPI_Interface_Projectile.uasset" 30
"../../../../../../Users/S Zjalic/Documents/Unreal Projects/SPACEGAME/Content/2D_Space_Starter_Kit/ExampleGames/CosmicFire/Blueprints/Game/Weapons/Data/EWeapons.uasset" 31
"../../../../../../Users/S Zjalic/Documents/Unreal Projects/SPACEGAME/Content/2D_Space_Starter_Kit/Blueprints/Projectile/BP_Projectile.uasset" 32
"../../../../../../Users/S Zjalic/Documents/Unreal Projects/SPACEGAME/Content/2D_Space_Starter_Kit/ExampleGames/CosmicFire/Textures/Ships/Player/T_ShipAtlas.uasset" 33
"../../../../../../Users/S Zjalic/Documents/Unreal Projects/SPACEGAME/Content/2D_Space_Starter_Kit/Materials/M_PaperSprite.uasset" 34
"../../../../../../Users/S Zjalic/Documents/Unreal Projects/SPACEGAME/Content/2D_Space_Starter_Kit/ExampleGames/CosmicFire/Textures/Weapons/T_Bullet_Sprites.uasset" 35
"../../../../../../Users/S Zjalic/Documents/Unreal Projects/SPACEGAME/Content/2D_Space_Starter_Kit/ExampleGames/CosmicFire/Sprites/Projectiles/Blaster/S_Blaster_0.uasset" 36
"../../../../../../Users/S Zjalic/Documents/Unreal Projects/SPACEGAME/Content/2D_Space_Starter_Kit/ExampleGames/CosmicFire/Sprites/Projectiles/Blaster/S_Blaster_1.uasset" 37
"../../../../../../Users/S Zjalic/Documents/Unreal Projects/SPACEGAME/Content/2D_Space_Starter_Kit/ExampleGames/CosmicFire/Sprites/Projectiles/Blaster/S_Blaster_2.uasset" 38
"../../../../../../Users/S Zjalic/Documents/Unreal Projects/SPACEGAME/Content/2D_Space_Starter_Kit/ExampleGames/CosmicFire/Flipbook/Projectiles/F_Blaster.uasset" 39
"../../../../../../Users/S Zjalic/Documents/Unreal Projects/SPACEGAME/Content/2D_Space_Starter_Kit/ExampleGames/CosmicFire/Blueprints/Game/Weapons/Projectile/BP_BlasterProjectile.uasset" 40
"../../../../../../Users/S Zjalic/Documents/Unreal Projects/SPACEGAME/Content/2D_Space_Starter_Kit/ExampleGames/CosmicFire/Sprites/Projectiles/ChargeCannon/S_Charge_Cannon_0.uasset" 41
"../../../../../../Users/S Zjalic/Documents/Unreal Projects/SPACEGAME/Content/2D_Space_Starter_Kit/ExampleGames/CosmicFire/Sprites/Projectiles/ChargeCannon/S_Charge_Cannon_1.uasset" 42
"../../../../../../Users/S Zjalic/Documents/Unreal Projects/SPACEGAME/Content/2D_Space_Starter_Kit/ExampleGames/CosmicFire/Sprites/Projectiles/ChargeCannon/S_Charge_Cannon_2.uasset" 43
"../../../../../../Users/S Zjalic/Documents/Unreal Projects/SPACEGAME/Content/2D_Space_Starter_Kit/ExampleGames/CosmicFire/Flipbook/Projectiles/F_Charge_Cannon.uasset" 44
"../../../../../../Users/S Zjalic/Documents/Unreal Projects/SPACEGAME/Content/2D_Space_Starter_Kit/ExampleGames/CosmicFire/Blueprints/Game/Weapons/Projectile/BP_ChargeCannon.uasset" 45
"../../../../../../Users/S Zjalic/Documents/Unreal Projects/SPACEGAME/Content/2D_Space_Starter_Kit/ExampleGames/CosmicFire/Sprites/Projectiles/PowerBlaster/S_PowerBlaster_0.uasset" 46
"../../../../../../Users/S Zjalic/Documents/Unreal Projects/SPACEGAME/Content/2D_Space_Starter_Kit/ExampleGames/CosmicFire/Sprites/Projectiles/PowerBlaster/S_PowerBlaster_1.uasset" 47
"../../../../../../Users/S Zjalic/Documents/Unreal Projects/SPACEGAME/Content/2D_Space_Starter_Kit/ExampleGames/CosmicFire/Sprites/Projectiles/PowerBlaster/S_PowerBlaster_2.uasset" 48
"../../../../../../Users/S Zjalic/Documents/Unreal Projects/SPACEGAME/Content/2D_Space_Starter_Kit/ExampleGames/CosmicFire/Flipbook/Projectiles/F_PowerBlaster.uasset" 49
"../../../../../../Users/S Zjalic/Documents/Unreal Projects/SPACEGAME/Content/2D_Space_Starter_Kit/ExampleGames/CosmicFire/Blueprints/Game/Weapons/Projectile/BP_PowerBlasterProjectile.uasset" 50
"../../../../../../Users/S Zjalic/Documents/Unreal Projects/SPACEGAME/Content/2D_Space_Starter_Kit/ExampleGames/CosmicFire/Blueprints/Game/Weapons/Projectile/BP_PulseBeam.uasset" 51
"../../Plugins/2D/Paper2D/Content/PlaceholderTextures/DummySpriteTexture.uasset" 52
"../../Plugins/2D/Paper2D/Content/DefaultSpriteMaterial.uasset" 53
"../../Plugins/2D/Paper2D/Content/TranslucentUnlitSpriteMaterial.uasset" 54
"../../../../../../Users/S Zjalic/Documents/Unreal Projects/SPACEGAME/Content/2D_Space_Starter_Kit/ExampleGames/CosmicFire/Textures/Effects/T_Explosion_Sheet.uasset" 55
"../../../../../../Users/S Zjalic/Documents/Unreal Projects/SPACEGAME/Content/2D_Space_Starter_Kit/ExampleGames/CosmicFire/Sprites/Effects/Explosion/S_Explosion_0.uasset" 56
"../../../../../../Users/S Zjalic/Documents/Unreal Projects/SPACEGAME/Content/2D_Space_Starter_Kit/ExampleGames/CosmicFire/Sprites/Effects/Explosion/S_Explosion_2.uasset" 57
"../../../../../../Users/S Zjalic/Documents/Unreal Projects/SPACEGAME/Content/2D_Space_Starter_Kit/ExampleGames/CosmicFire/Sprites/Effects/Explosion/S_Explosion_3.uasset" 58
"../../../../../../Users/S Zjalic/Documents/Unreal Projects/SPACEGAME/Content/2D_Space_Starter_Kit/ExampleGames/CosmicFire/Sprites/Effects/Explosion/S_Explosion_4.uasset" 59
"../../../../../../Users/S Zjalic/Documents/Unreal Projects/SPACEGAME/Content/2D_Space_Starter_Kit/ExampleGames/CosmicFire/Flipbook/Effects/F_Explosion.uasset" 60
"../../../../../../Users/S Zjalic/Documents/Unreal Projects/SPACEGAME/Content/2D_Space_Starter_Kit/ExampleGames/CosmicFire/Blueprints/Game/Weapons/Projectile/Missile/BP_Explosion.uasset" 61
"../../../../../../Users/S Zjalic/Documents/Unreal Projects/SPACEGAME/Content/2D_Space_Starter_Kit/ExampleGames/CosmicFire/Sprites/Projectiles/Missle/S_Missile.uasset" 62
"../../../../../../Users/S Zjalic/Documents/Unreal Projects/SPACEGAME/Content/2D_Space_Starter_Kit/ExampleGames/CosmicFire/Flipbook/Projectiles/F_Missile.uasset" 63
"../../../../../../Users/S Zjalic/Documents/Unreal Projects/SPACEGAME/Content/2D_Space_Starter_Kit/ExampleGames/CosmicFire/Blueprints/Game/Weapons/Projectile/Missile/BP_MissileProjectile.uasset" 64
"../../../../../../Users/S Zjalic/Documents/Unreal Projects/SPACEGAME/Content/2D_Space_Starter_Kit/ExampleGames/CosmicFire/Blueprints/Game/Weapons/Data/Stats/FWeaponStruct.uasset" 65
"../../../../../../Users/S Zjalic/Documents/Unreal Projects/SPACEGAME/Content/2D_Space_Starter_Kit/ExampleGames/CosmicFire/Blueprints/Game/Weapons/Data/Stats/DT_Weapons.uasset" 66
"../../../../../../Users/S Zjalic/Documents/Unreal Projects/SPACEGAME/Content/2D_Space_Starter_Kit/ExampleGames/CosmicFire/Blueprints/Game/Weapons/Data/EWeaponSlots.uasset" 67
"../../../../../../Users/S Zjalic/Documents/Unreal Projects/SPACEGAME/Content/2D_Space_Starter_Kit/ExampleGames/CosmicFire/Blueprints/Game/DamagableFlyingPawn/Components/BP_WeaponComponent.uasset" 68
"../../../../../../Users/S Zjalic/Documents/Unreal Projects/SPACEGAME/Content/2D_Space_Starter_Kit/ExampleGames/CosmicFire/Blueprints/Game/Weapons/Data/FWeaponDescriptions.uasset" 69
"../../../../../../Users/S Zjalic/Documents/Unreal Projects/SPACEGAME/Content/2D_Space_Starter_Kit/ExampleGames/CosmicFire/Blueprints/Game/Weapons/Data/DT_WeaponDescriptions.uasset" 70
"../../../Engine/Content/Functions/Engine_MaterialFunctions02/Utility/MakeFloat2.uasset" 71
"../../../Engine/Content/EngineMaterials/BlendFunc_DefBase.uasset" 72
"../../../Engine/Content/EngineMaterials/BlendFunc_DefBlend.uasset" 73
"../../../Engine/Content/Functions/Engine_MaterialFunctions03/Blends/Blend_Overlay.uasset" 74
"../../../../../../Users/S Zjalic/Documents/Unreal Projects/SPACEGAME/Content/2D_Space_Starter_Kit/ExampleGames/CosmicFire/Textures/UMG/T_Noise.uasset" 75
"../../../../../../Users/S Zjalic/Documents/Unreal Projects/SPACEGAME/Content/2D_Space_Starter_Kit/ExampleGames/CosmicFire/Textures/UMG/T_Scanlines_Horizontal.uasset" 76
"../../../../../../Users/S Zjalic/Documents/Unreal Projects/SPACEGAME/Content/2D_Space_Starter_Kit/ExampleGames/CosmicFire/Textures/UMG/T_UI_BG_1.uasset" 77
"../../../../../../Users/S Zjalic/Documents/Unreal Projects/SPACEGAME/Content/2D_Space_Starter_Kit/ExampleGames/CosmicFire/Textures/UMG/T_UI_Highlight.uasset" 78
"../../../../../../Users/S Zjalic/Documents/Unreal Projects/SPACEGAME/Content/2D_Space_Starter_Kit/ExampleGames/CosmicFire/Materials/UI/M_UI_Scanline.uasset" 79
"../../../../../../Users/S Zjalic/Documents/Unreal Projects/SPACEGAME/Content/2D_Space_Starter_Kit/ExampleGames/CosmicFire/Textures/UMG/T_UI_ButtonMask.uasset" 80
"../../../../../../Users/S Zjalic/Documents/Unreal Projects/SPACEGAME/Content/2D_Space_Starter_Kit/ExampleGames/CosmicFire/Materials/UI/Button/MI_Button.uasset" 81
"../../../../../../Users/S Zjalic/Documents/Unreal Projects/SPACEGAME/Content/2D_Space_Starter_Kit/ExampleGames/CosmicFire/Materials/UI/Button/MI_Button_Selected.uasset" 82
"../../../../../../Users/S Zjalic/Documents/Unreal Projects/SPACEGAME/Content/2D_Space_Starter_Kit/ExampleGames/CosmicFire/Materials/UI/CharacterIcons/MI_Character_HUD.uasset" 83
"../../../../../../Users/S Zjalic/Documents/Unreal Projects/SPACEGAME/Content/2D_Space_Starter_Kit/ExampleGames/CosmicFire/Textures/Ships/Enemy/T_BossAtlas.uasset" 84
"../../../../../../Users/S Zjalic/Documents/Unreal Projects/SPACEGAME/Content/2D_Space_Starter_Kit/ExampleGames/CosmicFire/Textures/UMG/T_Scanlines_Spread.uasset" 85
"../../../../../../Users/S Zjalic/Documents/Unreal Projects/SPACEGAME/Content/2D_Space_Starter_Kit/ExampleGames/CosmicFire/Textures/UMG/T_Scanlines_Vertical_Spread.uasset" 86
"../../../../../../Users/S Zjalic/Documents/Unreal Projects/SPACEGAME/Content/2D_Space_Starter_Kit/ExampleGames/CosmicFire/Textures/Weapons/S_PulseBeam.uasset" 87
"../../../../../../Users/S Zjalic/Documents/Unreal Projects/SPACEGAME/Content/2D_Space_Starter_Kit/ExampleGames/CosmicFire/Textures/Weapons/F_PulseBeam.uasset" 88
"../../../../../../Users/S Zjalic/Documents/Unreal Projects/SPACEGAME/Content/2D_Space_Starter_Kit/ExampleGames/CosmicFire/Textures/UMG/T_UI_BG.uasset" 89
"../../../../../../Users/S Zjalic/Documents/Unreal Projects/SPACEGAME/Content/2D_Space_Starter_Kit/Materials/ProgressBar/Blends/MB_Mask.uasset" 90
"../../../Engine/Content/Functions/Engine_MaterialFunctions01/Gradient/LinearGradient.uasset" 91
"../../../../../../Users/S Zjalic/Documents/Unreal Projects/SPACEGAME/Content/2D_Space_Starter_Kit/Materials/ProgressBar/Layers/ML_BGradient.uasset" 92
"../../../../../../Users/S Zjalic/Documents/Unreal Projects/SPACEGAME/Content/2D_Space_Starter_Kit/Materials/ProgressBar/Layers/Layer_Inst/MLI_BGradient_Inst.uasset" 93
"../../../Engine/Content/Animation/DefaultAnimCurveCompressionSettings.uasset" 94
"../../../Engine/Content/Functions/Engine_MaterialFunctions01/Opacity/CameraDepthFade.uasset" 95
"../../../Engine/Content/EngineMaterials/T_Default_Material_Grid_M.uasset" 96
"../../../Engine/Content/EngineMaterials/T_Default_Material_Grid_N.uasset" 97
"../../../Engine/Content/EngineMaterials/WorldGridMaterial.uasset" 98
"../../../Engine/Content/ArtTools/RenderToTexture/Meshes/S_1_Unit_Plane.uasset" 99
"../../../Engine/Content/EngineMaterials/DefaultMaterial.uasset" 100
"../../../Engine/Content/BasicShapes/Cone.uasset" 101
"../../../Engine/Content/BasicShapes/Cylinder.uasset" 102
"../../../Engine/Content/BasicShapes/Plane.uasset" 103
"../../../Engine/Content/BasicShapes/Sphere.uasset" 104
"../../../Engine/Content/EditorLandscapeResources/DataLayer.uasset" 105
"../../../Engine/Content/EditorMaterials/MAT_Groups_Toggle.uasset" 106
"../../../Engine/Content/EditorMaterials/MAT_Groups_Visibility.uasset" 107
"../../../Engine/Content/EditorMaterials/PreviewShadowIndicator.uasset" 108
"../../../Engine/Content/EditorMaterials/PreviewShadowIndicatorMaterial.uasset" 109
"../../../Engine/Content/EditorMaterials/MatineeGroups/MAT_ColorTrack.uasset" 110
"../../../Engine/Content/EditorMaterials/MatineeGroups/MAT_Groups_Anim.uasset" 111
"../../../Engine/Content/EditorMaterials/MatineeGroups/MAT_Groups_AudioMaster.uasset" 112
"../../../Engine/Content/EditorMaterials/MatineeGroups/MAT_Groups_Director.uasset" 113
"../../../Engine/Content/EditorMaterials/MatineeGroups/MAT_Groups_Event.uasset" 114
"../../../Engine/Content/EditorMaterials/MatineeGroups/MAT_Groups_Fade.uasset" 115
"../../../Engine/Content/EditorMaterials/MatineeGroups/MAT_Groups_Float.uasset" 116
"../../../Engine/Content/EditorMaterials/MatineeGroups/MAT_Groups_Move.uasset" 117
"../../../Engine/Content/EditorMaterials/MatineeGroups/MAT_Groups_Slomo.uasset" 118
"../../../Engine/Content/EditorMaterials/MatineeGroups/MAT_Groups_Sound.uasset" 119
"../../../Engine/Content/EditorMaterials/MatineeGroups/MAT_Groups_Vector.uasset" 120
"../../../Engine/Content/EditorMaterials/ParticleSystems/PSysThumbnail_NoImage.uasset" 121
"../../../Engine/Content/EditorMaterials/ParticleSystems/PSysThumbnail_OOD.uasset" 122
"../../../Engine/Content/EditorMaterials/Camera/CineMat.uasset" 123
"../../../Engine/Content/EditorMaterials/Camera/MI_CineMat_Rig.uasset" 124
"../../../Engine/Content/EditorMeshes/Camera/SM_CraneRig_Arm.uasset" 125
"../../../Engine/Content/EditorMeshes/Camera/SM_CraneRig_Base.uasset" 126
"../../../Engine/Content/EditorMeshes/Camera/SM_CraneRig_Body.uasset" 127
"../../../Engine/Content/EditorMeshes/Camera/SM_CraneRig_Mount.uasset" 128
"../../../Engine/Content/EditorMeshes/Camera/SM_RailRig_Mount.uasset" 129
"../../../Engine/Content/EditorMeshes/Camera/SM_RailRig_Track.uasset" 130
"../../../Engine/Content/EditorResources/BSPVertex.uasset" 131
"../../../Engine/Content/EditorResources/EmptyActor.uasset" 132
"../../../Engine/Content/EditorResources/S_Actor.uasset" 133
"../../../Engine/Content/EditorResources/S_Note.uasset" 134
"../../../Engine/Content/EditorResources/S_Solver.uasset" 135
"../../../Engine/Content/EditorResources/S_Trigger.uasset" 136
"../../../Engine/Content/EditorResources/LightIcons/S_LightError.uasset" 137
"../../../Engine/Content/EditorResources/SequenceRecorder/Countdown.uasset" 138
"../../../Engine/Content/EditorResources/SequenceRecorder/RecordingIndicator.uasset" 139
"../../../Engine/Content/EditorSounds/Notifications/CompileFailed.uasset" 140
"../../../Engine/Content/EditorSounds/Notifications/CompileFailed_Cue.uasset" 141
"../../../Engine/Content/EditorSounds/Notifications/CompileSuccess.uasset" 142
"../../../Engine/Content/EditorSounds/Notifications/CompileStart_Cue.uasset" 143
"../../../Engine/Content/EditorSounds/Notifications/CompileSuccess_Cue.uasset" 144
"../../../Engine/Content/EngineDamageTypes/DmgTypeBP_Environmental.uasset" 145
"../../../Engine/Content/EngineDebugMaterials/DebugEditorMaterial.uasset" 146
"../../../Engine/Content/EngineDebugMaterials/DebugMeshMaterial.uasset" 147
"../../../Engine/Content/EngineDebugMaterials/M_SimpleUnlitTranslucent.uasset" 148
"../../../Engine/Content/Functions/Engine_MaterialFunctions02/Utility/CameraDirectionVector.uasset" 149
"../../../Engine/Content/EngineDebugMaterials/VolumeToRender.uasset" 150
"../../../Engine/Content/EngineDebugMaterials/M_VolumeRenderSphereTracePP.uasset" 151
"../../../Engine/Content/EngineDebugMaterials/WireframeMaterial.uasset" 152
"../../../Engine/Content/EngineFonts/Faces/DroidSansFallback.uasset" 153
"../../../Engine/Content/EngineFonts/Faces/RobotoBold.uasset" 154
"../../../Engine/Content/EngineFonts/Faces/RobotoBoldItalic.uasset" 155
"../../../Engine/Content/EngineFonts/Faces/RobotoItalic.uasset" 156
"../../../Engine/Content/EngineFonts/Faces/RobotoLight.uasset" 157
"../../../Engine/Content/EngineFonts/Roboto.uasset" 158
"../../../Engine/Content/EngineMaterials/BaseFlattenDiffuseMap.uasset" 159
"../../../Engine/Content/EngineMaterials/BaseFlattenEmissiveMap.uasset" 160
"../../../Engine/Content/EngineMaterials/BaseFlattenGrayscaleMap.uasset" 161
"../../../Engine/Content/EngineMaterials/BaseFlattenNormalMap.uasset" 162
"../../../Engine/Content/EngineMaterials/BaseFlattenMaterial.uasset" 163
"../../../Engine/Content/EngineMaterials/BlueNoise.uasset" 164
"../../../Engine/Content/EngineMaterials/DefaultBloomKernel.uasset" 165
"../../../Engine/Content/EngineMaterials/DefaultBokeh.uasset" 166
"../../../Engine/Content/EngineMaterials/DefaultDiffuse.uasset" 167
"../../../Engine/Content/EngineMaterials/DefaultDeferredDecalMaterial.uasset" 168
"../../../Engine/Content/EngineMaterials/DefaultLightFunctionMaterial.uasset" 169
"../../../Engine/Content/EngineMaterials/DefaultPhysicalMaterial.uasset" 170
"../../../Engine/Content/Functions/Engine_MaterialFunctions02/Utility/BreakOutFloat2Components.uasset" 171
"../../../Engine/Content/EngineMaterials/DefaultPostProcessMaterial.uasset" 172
"../../../Engine/Content/EngineFonts/RobotoDistanceField.uasset" 173
"../../../Engine/Content/EngineMaterials/DefaultTextMaterialOpaque.uasset" 174
"../../../Engine/Content/EngineMaterials/DefaultWhiteGrid.uasset" 175
"../../../Engine/Content/EngineMaterials/DefaultWhiteGrid_Low.uasset" 176
"../../../Engine/Content/EngineMaterials/EmissiveMeshMaterial.uasset" 177
"../../../Engine/Content/EngineMaterials/GizmoMaterial.uasset" 178
"../../../Engine/Content/EngineMaterials/Good64x64TilingNoiseHighFreq.uasset" 179
"../../../Engine/Content/EngineMaterials/MiniFont.uasset" 180
"../../../Engine/Content/EngineMaterials/InvalidLightmapSettings.uasset" 181
"../../../Engine/Content/EngineMaterials/M_InvalidLightmapSettings.uasset" 182
"../../../Engine/Content/Functions/Engine_MaterialFunctions02/WorldPositionOffset/CameraOffset.uasset" 183
"../../../Engine/Content/EngineMaterials/PhAT_JointLimitMaterial.uasset" 184
"../../../Engine/Content/EngineMaterials/PreintegratedSkinBRDF.uasset" 185
"../../../Engine/Content/EngineMaterials/RemoveSurfaceMaterial.uasset" 186
"../../../Engine/Content/EngineMaterials/WeightMapPlaceholderTexture.uasset" 187
"../../../Engine/Content/EngineResources/WhiteSquareTexture.uasset" 188
"../../../Engine/Content/EngineMaterials/Widget3DPassThrough.uasset" 189
"../../../Engine/Content/EngineMaterials/Widget3DPassThrough_Masked.uasset" 190
"../../../Engine/Content/EngineMaterials/Widget3DPassThrough_Opaque.uasset" 191
"../../../Engine/Content/EngineMaterials/Widget3DPassThrough_Masked_OneSided.uasset" 192
"../../../Engine/Content/EngineMaterials/Widget3DPassThrough_Opaque_OneSided.uasset" 193
"../../../Engine/Content/EngineMaterials/Widget3DPassThrough_Translucent.uasset" 194
"../../../Engine/Content/EngineMaterials/Widget3DPassThrough_Translucent_OneSided.uasset" 195
"../../../Engine/Content/EngineMeshes/Cylinder.uasset" 196
"../../../Engine/Content/EngineMeshes/Sphere.uasset" 197
"../../../Engine/Content/EngineResources/Black.uasset" 198
"../../../Engine/Content/EngineResources/DefaultTexture.uasset" 199
"../../../Engine/Content/EngineResources/DefaultTextureCube.uasset" 200
"../../../Engine/Content/EngineResources/DefaultVolumeTexture2D.uasset" 201
"../../../Engine/Content/EngineResources/DefaultVolumeTexture.uasset" 202
"../../../Engine/Content/EngineResources/GradientTexture0.uasset" 203
"../../../Engine/Content/EngineSounds/Master.uasset" 204
"../../../Engine/Content/Functions/Engine_MaterialFunctions01/Shading/ConvertFromDiffSpec.uasset" 205
"../../../Engine/Content/Functions/Engine_MaterialFunctions01/Shading/PowerToRoughness.uasset" 206
"../../../Engine/Content/Maps/Templates/Thumbnails/Default.uasset" 207
"../../../Engine/Content/Maps/Templates/Thumbnails/TimeOfDay.uasset" 208
"../../../Engine/Content/Maps/Templates/Thumbnails/VR-Basic.uasset" 209
"../../../Engine/Content/MobileResources/T_MobileControls_texture.uasset" 210
"../../../Engine/Content/MobileResources/T_MobileMenu2.uasset" 211
"../../../Engine/Content/MobileResources/HUD/AnalogHat.uasset" 212
"../../../Engine/Content/MobileResources/HUD/VirtualJoystick_Background.uasset" 213
"../../../Engine/Content/MobileResources/HUD/VirtualJoystick_Thumb.uasset" 214
"../../../Engine/Content/MobileResources/HUD/DefaultVirtualJoysticks.uasset" 215
"../../../Engine/Content/MobileResources/HUD/LeftVirtualJoystickOnly.uasset" 216
"../../../Engine/Content/MobileResources/HUD/MobileHUDButton1_off.uasset" 217
"../../../Engine/Content/MobileResources/HUD/MobileHUDButton1_on.uasset" 218
"../../../Engine/Content/MobileResources/HUD/MobileHUDButton2_off.uasset" 219
"../../../Engine/Content/MobileResources/HUD/MobileHUDButton2_on.uasset" 220
"../../../Engine/Content/MobileResources/HUD/MobileHUDButton3.uasset" 221
"../../../Engine/Content/MobileResources/HUD/MobileHUDButtonFire.uasset" 222
"../../../Engine/Content/MobileResources/HUD/MobileHUDDirectionPad.uasset" 223
"../../../Engine/Content/MobileResources/HUD/MobileHUDDirectionPad2.uasset" 224
"../../../Engine/Content/MobileResources/HUD/MobileHUDDirectionPad3.uasset" 225
"../../../Engine/Content/MobileResources/HUD/MobileHUDDirectionStick.uasset" 226
"../../../Engine/Content/MobileResources/HUD/T_Castle_ThumbstickInner.uasset" 227
"../../../Engine/Content/MobileResources/HUD/T_Castle_ThumbstickOutter.uasset" 228
"../../../Engine/Content/Tutorial/ContentIntroCurve.uasset" 229
"../../../Engine/Content/Tutorial/Basics/LevelEditorAttract.uasset" 230
"../../../Engine/Content/VREditor/LaserPointer/VR_LaserPower_01.uasset" 231
"../../../Engine/Content/VREditor/TransformGizmo/TransformGizmoMaterial.uasset" 232
"../../../Engine/Content/VREditor/TransformGizmo/TranslucentTransformGizmoMaterial.uasset" 233
"../../../Engine/Content/VREditor/TransformGizmo/BoundingBoxCorner.uasset" 234
"../../../Engine/Content/VREditor/TransformGizmo/BoundingBoxEdge.uasset" 235
"../../../Engine/Content/VREditor/TransformGizmo/PlaneTranslationHandle.uasset" 236
"../../../Engine/Content/VREditor/TransformGizmo/Main.uasset" 237
"../../../Engine/Content/VREditor/TransformGizmo/Xray.uasset" 238
"../../../Engine/Content/VREditor/TransformGizmo/SM_Sequencer_Key.uasset" 239
"../../../Engine/Content/VREditor/TransformGizmo/SM_Sequencer_Node.uasset" 240
"../../Plugins/2D/Paper2D/Content/DummySprite.uasset" 241
"../../Plugins/2D/Paper2D/Content/DefaultPaperTerrainMaterial.uasset" 242
"../../Plugins/2D/Paper2D/Content/MaskedUnlitSpriteMaterial.uasset" 243
"../../Plugins/2D/Paper2D/Content/OpaqueUnlitSpriteMaterial.uasset" 244
"../../Plugins/FX/Niagara/Content/Enums/ENiagaraBooleanLogicOps.uasset" 245
"../../Plugins/FX/Niagara/Content/Enums/ENiagaraCoordinateSpace.uasset" 246
"../../Plugins/FX/Niagara/Content/Enums/ENiagaraExpansionMode.uasset" 247
"../../Plugins/FX/Niagara/Content/Enums/ENiagaraOrientationAxis.uasset" 248
"../../Plugins/FX/Niagara/Content/Enums/ENiagaraRandomnessMode.uasset" 249
"../../../Engine/Content/Functions/Engine_MaterialFunctions02/Utility/BreakOutFloat4Components.uasset" 250
"../../../Engine/Content/Functions/Engine_MaterialFunctions02/Utility/MakeFloat3.uasset" 251
"../../Plugins/Runtime/Oculus/OculusVR/Content/Materials/OculusMR_ChromaKey.uasset" 252
"../../Plugins/Runtime/Oculus/OculusVR/Content/Materials/OculusMR_ChromaKey_Lit.uasset" 253
"../../Plugins/Runtime/Oculus/OculusVR/Content/Materials/OculusMR_OpaqueColoredMaterial.uasset" 254
"../../Plugins/Runtime/Oculus/OculusVR/Content/Materials/OculusMR_WhiteMaterial.uasset" 255
"../../../../../../Users/S Zjalic/Documents/Unreal Projects/SPACEGAME/Content/2D_Space_Starter_Kit/ExampleGames/AsteroidChaos/Blueprints/BP_AsteroidChaosInstance.uasset" 256
"../../../../../../Users/S Zjalic/Documents/Unreal Projects/SPACEGAME/Content/2D_Space_Starter_Kit/ExampleGames/AsteroidChaos/Blueprints/Game/BPI_Interface_Score.uasset" 257
"../../../../../../Users/S Zjalic/Documents/Unreal Projects/SPACEGAME/Content/2D_Space_Starter_Kit/ExampleGames/AsteroidChaos/Textures/Game/Asteroid/T_Asteroid.uasset" 258
"../../../../../../Users/S Zjalic/Documents/Unreal Projects/SPACEGAME/Content/2D_Space_Starter_Kit/ExampleGames/AsteroidChaos/Sprites/Game/Asteroid/S_Asteroid.uasset" 259
"../../../../../../Users/S Zjalic/Documents/Unreal Projects/SPACEGAME/Content/2D_Space_Starter_Kit/ExampleGames/AsteroidChaos/Flipbooks/F_Asteroid.uasset" 260
"../../../../../../Users/S Zjalic/Documents/Unreal Projects/SPACEGAME/Content/2D_Space_Starter_Kit/ExampleGames/AsteroidChaos/Blueprints/Game/Asteroid/BP_Asteroid.uasset" 261
"../../../../../../Users/S Zjalic/Documents/Unreal Projects/SPACEGAME/Content/2D_Space_Starter_Kit/ExampleGames/AsteroidChaos/Blueprints/Game/Asteroid/BP_AsteroidSpawner.uasset" 262
"../../../../../../Users/S Zjalic/Documents/Unreal Projects/SPACEGAME/Content/2D_Space_Starter_Kit/ExampleGames/CosmicFire/Fonts/Akashi.uasset" 263
"../../../../../../Users/S Zjalic/Documents/Unreal Projects/SPACEGAME/Content/2D_Space_Starter_Kit/ExampleGames/CosmicFire/Fonts/Akashi_Font.uasset" 264
"../../../../../../Users/S Zjalic/Documents/Unreal Projects/SPACEGAME/Content/2D_Space_Starter_Kit/ExampleGames/AsteroidChaos/Widgets/moonshot_logo_text_darkBG.uasset" 265
"../../../../../../Users/S Zjalic/Documents/Unreal Projects/SPACEGAME/Content/2D_Space_Starter_Kit/ExampleGames/AsteroidChaos/Widgets/WBP_AsteroidChaosComplete.uasset" 266
"../../../../../../Users/S Zjalic/Documents/Unreal Projects/SPACEGAME/Content/2D_Space_Starter_Kit/ExampleGames/AsteroidChaos/Blueprints/GameComplete/BP_AsteroidChaosComplete.uasset" 267
"../../../../../../Users/S Zjalic/Documents/Unreal Projects/SPACEGAME/Content/2D_Space_Starter_Kit/ExampleGames/AsteroidChaos/Blueprints/GameComplete/GM_AsteroidChaosComplete.uasset" 268
"../../../../../../Users/S Zjalic/Documents/Unreal Projects/SPACEGAME/Content/2D_Space_Starter_Kit/ExampleGames/AsteroidChaos/Textures/Game/T_BG_Stars.uasset" 269
"../../../../../../Users/S Zjalic/Documents/Unreal Projects/SPACEGAME/Content/2D_Space_Starter_Kit/ExampleGames/AsteroidChaos/Sprites/T_BG_Stars_Sprite.uasset" 270
"../../../../../../Users/S Zjalic/Documents/Unreal Projects/SPACEGAME/Content/2D_Space_Starter_Kit/ExampleGames/AsteroidChaos/Maps/L_AsteroidChaosComplete.umap" 271
"../../../../../../Users/S Zjalic/Documents/Unreal Projects/SPACEGAME/Content/2D_Space_Starter_Kit/Blueprints/BPFL_Object.uasset" 272
"../../../../../../Users/S Zjalic/Documents/Unreal Projects/SPACEGAME/Content/2D_Space_Starter_Kit/ExampleGames/AsteroidChaos/Textures/Game/Player/T_Laser.uasset" 273
"../../../../../../Users/S Zjalic/Documents/Unreal Projects/SPACEGAME/Content/2D_Space_Starter_Kit/ExampleGames/AsteroidChaos/Sprites/Game/Player/S_Bullet.uasset" 274
"../../../../../../Users/S Zjalic/Documents/Unreal Projects/SPACEGAME/Content/2D_Space_Starter_Kit/ExampleGames/AsteroidChaos/Flipbooks/Player/F_Flipbook.uasset" 275
"../../../../../../Users/S Zjalic/Documents/Unreal Projects/SPACEGAME/Content/2D_Space_Starter_Kit/ExampleGames/AsteroidChaos/Blueprints/Game/Player/BP_Laser.uasset" 276
"../../../../../../Users/S Zjalic/Documents/Unreal Projects/SPACEGAME/Content/2D_Space_Starter_Kit/ExampleGames/AsteroidChaos/Textures/Game/Player/T_Shield.uasset" 277
"../../../../../../Users/S Zjalic/Documents/Unreal Projects/SPACEGAME/Content/2D_Space_Starter_Kit/ExampleGames/AsteroidChaos/Sprites/Game/Player/S_Shield.uasset" 278
"../../../../../../Users/S Zjalic/Documents/Unreal Projects/SPACEGAME/Content/2D_Space_Starter_Kit/ExampleGames/AsteroidChaos/Flipbooks/Player/F_Shield.uasset" 279
"../../../../../../Users/S Zjalic/Documents/Unreal Projects/SPACEGAME/Content/2D_Space_Starter_Kit/ExampleGames/AsteroidChaos/Blueprints/Game/Player/BP_Shield.uasset" 280
"../../../../../../Users/S Zjalic/Documents/Unreal Projects/SPACEGAME/Content/2D_Space_Starter_Kit/ExampleGames/AsteroidChaos/Textures/Game/Player/T_PlayerAtlas.uasset" 281
"../../../../../../Users/S Zjalic/Documents/Unreal Projects/SPACEGAME/Content/2D_Space_Starter_Kit/ExampleGames/AsteroidChaos/Sprites/Game/Player/S_Player_Idle.uasset" 282
"../../../../../../Users/S Zjalic/Documents/Unreal Projects/SPACEGAME/Content/2D_Space_Starter_Kit/ExampleGames/AsteroidChaos/Flipbooks/Player/F_Player_Idle.uasset" 283
"../../../../../../Users/S Zjalic/Documents/Unreal Projects/SPACEGAME/Content/2D_Space_Starter_Kit/ExampleGames/AsteroidChaos/Sprites/Game/Player/S_Player_Moving.uasset" 284
"../../../../../../Users/S Zjalic/Documents/Unreal Projects/SPACEGAME/Content/2D_Space_Starter_Kit/ExampleGames/AsteroidChaos/Flipbooks/Player/F_Player_Moving.uasset" 285
"../../../../../../Users/S Zjalic/Documents/Unreal Projects/SPACEGAME/Content/2D_Space_Starter_Kit/ExampleGames/AsteroidChaos/Textures/UMG/T_PowerupAtlas.uasset" 286
"../../../../../../Users/S Zjalic/Documents/Unreal Projects/SPACEGAME/Content/2D_Space_Starter_Kit/ExampleGames/AsteroidChaos/Sprites/UMG/S_Icon_Shield.uasset" 287
"../../../../../../Users/S Zjalic/Documents/Unreal Projects/SPACEGAME/Content/2D_Space_Starter_Kit/ExampleGames/AsteroidChaos/Sprites/UMG/S_Icon_TripleFire.uasset" 288
"../../../../../../Users/S Zjalic/Documents/Unreal Projects/SPACEGAME/Content/2D_Space_Starter_Kit/ExampleGames/AsteroidChaos/Fonts/Akashi.uasset" 289
"../../../../../../Users/S Zjalic/Documents/Unreal Projects/SPACEGAME/Content/2D_Space_Starter_Kit/ExampleGames/AsteroidChaos/Fonts/Akashi_Font.uasset" 290
"../../../../../../Users/S Zjalic/Documents/Unreal Projects/SPACEGAME/Content/2D_Space_Starter_Kit/Materials/ProgressBar/Layers/ML_VGradient.uasset" 291
"../../../../../../Users/S Zjalic/Documents/Unreal Projects/SPACEGAME/Content/2D_Space_Starter_Kit/Materials/ProgressBar/Blends/MB_Progress.uasset" 292
"../../../../../../Users/S Zjalic/Documents/Unreal Projects/SPACEGAME/Content/2D_Space_Starter_Kit/Materials/ProgressBar/M_Progress.uasset" 293
"../../../../../../Users/S Zjalic/Documents/Unreal Projects/SPACEGAME/Content/2D_Space_Starter_Kit/Textures/T_Progress_FillH.uasset" 294
"../../../../../../Users/S Zjalic/Documents/Unreal Projects/SPACEGAME/Content/2D_Space_Starter_Kit/Materials/ProgressBar/Layers/ML_ImageFill.uasset" 295
"../../../../../../Users/S Zjalic/Documents/Unreal Projects/SPACEGAME/Content/2D_Space_Starter_Kit/Textures/T_Progress_FillV.uasset" 296
"../../../../../../Users/S Zjalic/Documents/Unreal Projects/SPACEGAME/Content/2D_Space_Starter_Kit/ExampleGames/AsteroidChaos/Materials/MI_Progress_BlueRed.uasset" 297
"../../../../../../Users/S Zjalic/Documents/Unreal Projects/SPACEGAME/Content/2D_Space_Starter_Kit/ExampleGames/AsteroidChaos/Materials/MI_Progress_PurpleYellow.uasset" 298
"../../../Engine/Content/EngineResources/AICON-Green.uasset" 299
"../../../../../../Users/S Zjalic/Documents/Unreal Projects/SPACEGAME/Content/2D_Space_Starter_Kit/ExampleGames/AsteroidChaos/Widgets/UI/WBP_UI_LifeIcon.uasset" 300
"../../../../../../Users/S Zjalic/Documents/Unreal Projects/SPACEGAME/Content/2D_Space_Starter_Kit/ExampleGames/AsteroidChaos/Widgets/UI/WBP_UI_LifeBar.uasset" 301
"../../../../../../Users/S Zjalic/Documents/Unreal Projects/SPACEGAME/Content/2D_Space_Starter_Kit/Textures/Border/T_Progress_BG.uasset" 302
"../../../../../../Users/S Zjalic/Documents/Unreal Projects/SPACEGAME/Content/2D_Space_Starter_Kit/Textures/Border/T_Progress_LeftEdge.uasset" 303
"../../../../../../Users/S Zjalic/Documents/Unreal Projects/SPACEGAME/Content/2D_Space_Starter_Kit/Textures/Border/T_Progress_TopEdge.uasset" 304
"../../../../../../Users/S Zjalic/Documents/Unreal Projects/SPACEGAME/Content/2D_Space_Starter_Kit/Textures/Border/T_Progress_TopLeftCorner.uasset" 305
"../../../../../../Users/S Zjalic/Documents/Unreal Projects/SPACEGAME/Content/2D_Space_Starter_Kit/Widgets/ProgressBar/FBorderFillRules.uasset" 306
"../../../../../../Users/S Zjalic/Documents/Unreal Projects/SPACEGAME/Content/2D_Space_Starter_Kit/Widgets/ProgressBar/WBP_UI_ProgressBorder.uasset" 307
"../../../../../../Users/S Zjalic/Documents/Unreal Projects/SPACEGAME/Content/2D_Space_Starter_Kit/ExampleGames/AsteroidChaos/Widgets/WBP_AsteroidChaosHUD.uasset" 308
"../../../../../../Users/S Zjalic/Documents/Unreal Projects/SPACEGAME/Content/2D_Space_Starter_Kit/ExampleGames/AsteroidChaos/Blueprints/Game/Player/BP_Player.uasset" 309
"../../../../../../Users/S Zjalic/Documents/Unreal Projects/SPACEGAME/Content/2D_Space_Starter_Kit/ExampleGames/AsteroidChaos/Blueprints/Game/GM_Game.uasset" 310
"../../../../../../Users/S Zjalic/Documents/Unreal Projects/SPACEGAME/Content/2D_Space_Starter_Kit/ExampleGames/AsteroidChaos/Maps/L_AsteroidChaosGame_BuiltData.uasset" 311
"../../../../../../Users/S Zjalic/Documents/Unreal Projects/SPACEGAME/Content/2D_Space_Starter_Kit/ExampleGames/AsteroidChaos/Maps/L_AsteroidChaosGame.umap" 312
"../../../../../../Users/S Zjalic/Documents/Unreal Projects/SPACEGAME/Content/2D_Space_Starter_Kit/ExampleGames/AsteroidChaos/Widgets/moonshot_logo_symbol_whiteBG.uasset" 313
"../../../../../../Users/S Zjalic/Documents/Unreal Projects/SPACEGAME/Content/2D_Space_Starter_Kit/ExampleGames/AsteroidChaos/Widgets/WBP_AsteroidChaosMenu.uasset" 314
"../../../../../../Users/S Zjalic/Documents/Unreal Projects/SPACEGAME/Content/2D_Space_Starter_Kit/ExampleGames/AsteroidChaos/Blueprints/MainMenu/BP_AsteroidChaosMenu.uasset" 315
"../../../../../../Users/S Zjalic/Documents/Unreal Projects/SPACEGAME/Content/2D_Space_Starter_Kit/ExampleGames/AsteroidChaos/Blueprints/MainMenu/GM_AsteroidChaosMenu.uasset" 316
"../../../../../../Users/S Zjalic/Documents/Unreal Projects/SPACEGAME/Content/2D_Space_Starter_Kit/ExampleGames/AsteroidChaos/Maps/L_AsteroidChaosMenu.umap" 317
"../../../../../../Users/S Zjalic/Documents/Unreal Projects/SPACEGAME/Content/2D_Space_Starter_Kit/ExampleGames/CosmicFire/Blueprints/SaveGame/BP_OptionsSave.uasset" 318
"../../../../../../Users/S Zjalic/Documents/Unreal Projects/SPACEGAME/Content/2D_Space_Starter_Kit/ExampleGames/CosmicFire/Blueprints/Game/DamagableFlyingPawn/Player/Data/FShipStats.uasset" 319
"../../../../../../Users/S Zjalic/Documents/Unreal Projects/SPACEGAME/Content/2D_Space_Starter_Kit/ExampleGames/CosmicFire/Blueprints/Game/DamagableFlyingPawn/Player/Data/FCharacterData.uasset" 320
"../../../../../../Users/S Zjalic/Documents/Unreal Projects/SPACEGAME/Content/2D_Space_Starter_Kit/ExampleGames/CosmicFire/Textures/UMG/Characters/T_CharacterFaces.uasset" 321
"../../../../../../Users/S Zjalic/Documents/Unreal Projects/SPACEGAME/Content/2D_Space_Starter_Kit/ExampleGames/CosmicFire/Sprites/UMG/Characters/S_CharFace_0.uasset" 322
"../../../../../../Users/S Zjalic/Documents/Unreal Projects/SPACEGAME/Content/2D_Space_Starter_Kit/ExampleGames/CosmicFire/Blueprints/SaveGame/BP_PlayerSaveGame.uasset" 323
"../../../../../../Users/S Zjalic/Documents/Unreal Projects/SPACEGAME/Content/2D_Space_Starter_Kit/ExampleGames/CosmicFire/Audio/SoundMix/SMIX_Master.uasset" 324
"../../../../../../Users/S Zjalic/Documents/Unreal Projects/SPACEGAME/Content/2D_Space_Starter_Kit/ExampleGames/CosmicFire/Blueprints/BP_CosmicFireInstance.uasset" 325
"../../../../../../Users/S Zjalic/Documents/Unreal Projects/SPACEGAME/Content/2D_Space_Starter_Kit/ExampleGames/CosmicFire/Materials/Fonts/MI_Scanline_Font.uasset" 326
"../../../../../../Users/S Zjalic/Documents/Unreal Projects/SPACEGAME/Content/2D_Space_Starter_Kit/ExampleGames/CosmicFire/Materials/UI/Button/MI_Button_Hover.uasset" 327
"../../../../../../Users/S Zjalic/Documents/Unreal Projects/SPACEGAME/Content/2D_Space_Starter_Kit/ExampleGames/CosmicFire/Materials/UI/Button/MI_Button_Pressed.uasset" 328
"../../../../../../Users/S Zjalic/Documents/Unreal Projects/SPACEGAME/Content/2D_Space_Starter_Kit/ExampleGames/CosmicFire/Widget/UI/WBP_UI_MenuButton.uasset" 329
"../../../../../../Users/S Zjalic/Documents/Unreal Projects/SPACEGAME/Content/2D_Space_Starter_Kit/ExampleGames/CosmicFire/Materials/UI/Box/MI_UI_Box.uasset" 330
"../../../../../../Users/S Zjalic/Documents/Unreal Projects/SPACEGAME/Content/2D_Space_Starter_Kit/ExampleGames/CosmicFire/Widget/WBP_Options.uasset" 331
"../../../../../../Users/S Zjalic/Documents/Unreal Projects/SPACEGAME/Content/2D_Space_Starter_Kit/ExampleGames/CosmicFire/Widget/WBP_MainMenu.uasset" 332
"../../../../../../Users/S Zjalic/Documents/Unreal Projects/SPACEGAME/Content/2D_Space_Starter_Kit/ExampleGames/CosmicFire/Blueprints/Menus/MainMenu/BP_MainMenuPawn.uasset" 333
"../../../../../../Users/S Zjalic/Documents/Unreal Projects/SPACEGAME/Content/2D_Space_Starter_Kit/ExampleGames/CosmicFire/Blueprints/Menus/MainMenu/GM_MainMenu.uasset" 334
"../../../../../../Users/S Zjalic/Documents/Unreal Projects/SPACEGAME/Content/2D_Space_Starter_Kit/ExampleGames/CosmicFire/Textures/Effects/T_BG_Stars.uasset" 335
"../../../../../../Users/S Zjalic/Documents/Unreal Projects/SPACEGAME/Content/2D_Space_Starter_Kit/ExampleGames/CosmicFire/Sprites/S_Stars.uasset" 336
"../../../../../../Users/S Zjalic/Documents/Unreal Projects/SPACEGAME/Content/2D_Space_Starter_Kit/ExampleGames/CosmicFire/Maps/L_CosmicFireMenu.umap" 337
"../../../../../../Users/S Zjalic/Documents/Unreal Projects/SPACEGAME/Content/2D_Space_Starter_Kit/ExampleGames/CosmicFire/Sprites/Ships/Player/Ship_BA/S_Ship_BA_NoThrust.uasset" 338
"../../../../../../Users/S Zjalic/Documents/Unreal Projects/SPACEGAME/Content/2D_Space_Starter_Kit/ExampleGames/CosmicFire/Flipbook/Ships/Player/Ship_BA/F_Ship_BANoThrust.uasset" 339
"../../../../../../Users/S Zjalic/Documents/Unreal Projects/SPACEGAME/Content/2D_Space_Starter_Kit/ExampleGames/CosmicFire/Sprites/Ships/Player/Ship_BA/S_Ship_BAThrust.uasset" 340
"../../../../../../Users/S Zjalic/Documents/Unreal Projects/SPACEGAME/Content/2D_Space_Starter_Kit/ExampleGames/CosmicFire/Flipbook/Ships/Player/Ship_BA/F_Ship_BAThrust.uasset" 341
"../../../../../../Users/S Zjalic/Documents/Unreal Projects/SPACEGAME/Content/2D_Space_Starter_Kit/ExampleGames/CosmicFire/Sprites/Ships/Player/Ship_GQ/S_Ship_GQNoThrust.uasset" 342
"../../../../../../Users/S Zjalic/Documents/Unreal Projects/SPACEGAME/Content/2D_Space_Starter_Kit/ExampleGames/CosmicFire/Flipbook/Ships/Player/Ship_GQ/F_Ship_GQNoThrust.uasset" 343
"../../../../../../Users/S Zjalic/Documents/Unreal Projects/SPACEGAME/Content/2D_Space_Starter_Kit/ExampleGames/CosmicFire/Sprites/Ships/Player/Ship_GQ/S_Ship_GQThrust.uasset" 344
"../../../../../../Users/S Zjalic/Documents/Unreal Projects/SPACEGAME/Content/2D_Space_Starter_Kit/ExampleGames/CosmicFire/Flipbook/Ships/Player/Ship_GQ/F_Ship_GQThrust.uasset" 345
"../../../../../../Users/S Zjalic/Documents/Unreal Projects/SPACEGAME/Content/2D_Space_Starter_Kit/ExampleGames/CosmicFire/Sprites/Ships/Player/Ship_KU/S_Ship_KUNoThrust.uasset" 346
"../../../../../../Users/S Zjalic/Documents/Unreal Projects/SPACEGAME/Content/2D_Space_Starter_Kit/ExampleGames/CosmicFire/Flipbook/Ships/Player/Ship_KU/F_Ship_KUNoThrust.uasset" 347
"../../../../../../Users/S Zjalic/Documents/Unreal Projects/SPACEGAME/Content/2D_Space_Starter_Kit/ExampleGames/CosmicFire/Sprites/Ships/Player/Ship_KU/S_Ship_KUThrust.uasset" 348
"../../../../../../Users/S Zjalic/Documents/Unreal Projects/SPACEGAME/Content/2D_Space_Starter_Kit/ExampleGames/CosmicFire/Flipbook/Ships/Player/Ship_KU/F_Ship_KUThrust.uasset" 349
"../../../../../../Users/S Zjalic/Documents/Unreal Projects/SPACEGAME/Content/2D_Space_Starter_Kit/ExampleGames/CosmicFire/Sprites/Ships/Player/Ship_UE/S_Ship_UENoThrust.uasset" 350
"../../../../../../Users/S Zjalic/Documents/Unreal Projects/SPACEGAME/Content/2D_Space_Starter_Kit/ExampleGames/CosmicFire/Flipbook/Ships/Player/Ship_UE/F_Ship_UENoThrust.uasset" 351
"../../../../../../Users/S Zjalic/Documents/Unreal Projects/SPACEGAME/Content/2D_Space_Starter_Kit/ExampleGames/CosmicFire/Sprites/Ships/Player/Ship_UE/S_Ship_UEThrust.uasset" 352
"../../../../../../Users/S Zjalic/Documents/Unreal Projects/SPACEGAME/Content/2D_Space_Starter_Kit/ExampleGames/CosmicFire/Flipbook/Ships/Player/Ship_UE/F_Ship_UEThrust.uasset" 353
"../../../../../../Users/S Zjalic/Documents/Unreal Projects/SPACEGAME/Content/2D_Space_Starter_Kit/ExampleGames/CosmicFire/Sprites/UMG/Characters/S_CharFace_1.uasset" 354
"../../../../../../Users/S Zjalic/Documents/Unreal Projects/SPACEGAME/Content/2D_Space_Starter_Kit/ExampleGames/CosmicFire/Sprites/UMG/Characters/S_CharFace_2.uasset" 355
"../../../../../../Users/S Zjalic/Documents/Unreal Projects/SPACEGAME/Content/2D_Space_Starter_Kit/ExampleGames/CosmicFire/Sprites/UMG/Characters/S_CharFace_3.uasset" 356
"../../../../../../Users/S Zjalic/Documents/Unreal Projects/SPACEGAME/Content/2D_Space_Starter_Kit/ExampleGames/CosmicFire/Blueprints/DT_Characters.uasset" 357
"../../../../../../Users/S Zjalic/Documents/Unreal Projects/SPACEGAME/Content/2D_Space_Starter_Kit/ExampleGames/CosmicFire/Materials/UI/CharacterIcons/MI_Character_Hover.uasset" 358
"../../../../../../Users/S Zjalic/Documents/Unreal Projects/SPACEGAME/Content/2D_Space_Starter_Kit/ExampleGames/CosmicFire/Materials/UI/CharacterIcons/MI_Character_Normal.uasset" 359
"../../../../../../Users/S Zjalic/Documents/Unreal Projects/SPACEGAME/Content/2D_Space_Starter_Kit/ExampleGames/CosmicFire/Materials/UI/CharacterIcons/MI_Character_Pressed.uasset" 360
"../../../../../../Users/S Zjalic/Documents/Unreal Projects/SPACEGAME/Content/2D_Space_Starter_Kit/ExampleGames/CosmicFire/Materials/UI/CharacterIcons/MI_Character_Selected.uasset" 361
"../../../../../../Users/S Zjalic/Documents/Unreal Projects/SPACEGAME/Content/2D_Space_Starter_Kit/ExampleGames/CosmicFire/Widget/UI/WBP_UI_CharacterIcon/EIconState.uasset" 362
"../../../../../../Users/S Zjalic/Documents/Unreal Projects/SPACEGAME/Content/2D_Space_Starter_Kit/ExampleGames/CosmicFire/Widget/UI/WBP_UI_CharacterIcon/WBP_UI_CharacterIcon.uasset" 363
"../../../../../../Users/S Zjalic/Documents/Unreal Projects/SPACEGAME/Content/2D_Space_Starter_Kit/ExampleGames/CosmicFire/Materials/UI/Box/MI_StatBox.uasset" 364
"../../../../../../Users/S Zjalic/Documents/Unreal Projects/SPACEGAME/Content/2D_Space_Starter_Kit/ExampleGames/CosmicFire/Textures/UMG/T_Scanlines_Vertical.uasset" 365
"../../../../../../Users/S Zjalic/Documents/Unreal Projects/SPACEGAME/Content/2D_Space_Starter_Kit/ExampleGames/CosmicFire/Materials/UI/ProgressBar/M_ProgressBar.uasset" 366
"../../../../../../Users/S Zjalic/Documents/Unreal Projects/SPACEGAME/Content/2D_Space_Starter_Kit/ExampleGames/CosmicFire/Materials/UI/ProgressBar/MI_StatBar_Filled.uasset" 367
"../../../../../../Users/S Zjalic/Documents/Unreal Projects/SPACEGAME/Content/2D_Space_Starter_Kit/ExampleGames/CosmicFire/Materials/UI/ProgressBar/MI_StatBar_Unfilled.uasset" 368
"../../../../../../Users/S Zjalic/Documents/Unreal Projects/SPACEGAME/Content/2D_Space_Starter_Kit/ExampleGames/CosmicFire/Widget/UI/WBP_UI_StatPanel/StatBar/WBP_UI_StatPiece.uasset" 369
"../../../../../../Users/S Zjalic/Documents/Unreal Projects/SPACEGAME/Content/2D_Space_Starter_Kit/ExampleGames/CosmicFire/Widget/UI/WBP_UI_StatPanel/StatBar/WBP_UI_StatBar.uasset" 370
"../../../../../../Users/S Zjalic/Documents/Unreal Projects/SPACEGAME/Content/2D_Space_Starter_Kit/ExampleGames/CosmicFire/Widget/UI/WBP_UI_StatPanel/WBP_UI_StatPanel.uasset" 371
"../../../../../../Users/S Zjalic/Documents/Unreal Projects/SPACEGAME/Content/2D_Space_Starter_Kit/ExampleGames/CosmicFire/Widget/WBP_NewGame.uasset" 372
"../../../../../../Users/S Zjalic/Documents/Unreal Projects/SPACEGAME/Content/2D_Space_Starter_Kit/ExampleGames/CosmicFire/Blueprints/Menus/NewGame/BP_NewGame.uasset" 373
"../../../../../../Users/S Zjalic/Documents/Unreal Projects/SPACEGAME/Content/2D_Space_Starter_Kit/ExampleGames/CosmicFire/Blueprints/Menus/NewGame/GM_NewGame.uasset" 374
"../../../../../../Users/S Zjalic/Documents/Unreal Projects/SPACEGAME/Content/2D_Space_Starter_Kit/ExampleGames/CosmicFire/Maps/L_CosmicFireNewGame.umap" 375
"../../../../../../Users/S Zjalic/Documents/Unreal Projects/SPACEGAME/Content/2D_Space_Starter_Kit/ExampleGames/CosmicFire/Blueprints/Game/Gamemode/BP_CollisionBox.uasset" 376
"../../../../../../Users/S Zjalic/Documents/Unreal Projects/SPACEGAME/Content/2D_Space_Starter_Kit/ExampleGames/CosmicFire/Blueprints/Game/DamagableFlyingPawn/BP_DamagableFlyingPawn.uasset" 377
"../../../../../../Users/S Zjalic/Documents/Unreal Projects/SPACEGAME/Content/2D_Space_Starter_Kit/ExampleGames/CosmicFire/Blueprints/Game/DamagableFlyingPawn/Player/Components/BP_WeaponComponent.uasset" 378
"../../../../../../Users/S Zjalic/Documents/Unreal Projects/SPACEGAME/Content/2D_Space_Starter_Kit/ExampleGames/CosmicFire/Blueprints/Game/DamagableFlyingPawn/Player/Data/TeleportDash/FC_TeleportDash.uasset" 379
"../../../../../../Users/S Zjalic/Documents/Unreal Projects/SPACEGAME/Content/2D_Space_Starter_Kit/ExampleGames/CosmicFire/Materials/M_PaperSphereMaskedSprite.uasset" 380
"../../../../../../Users/S Zjalic/Documents/Unreal Projects/SPACEGAME/Content/2D_Space_Starter_Kit/ExampleGames/CosmicFire/Textures/Effects/T_TeleportRing.uasset" 381
"../../../../../../Users/S Zjalic/Documents/Unreal Projects/SPACEGAME/Content/2D_Space_Starter_Kit/ExampleGames/CosmicFire/Sprites/Effects/Teleport/S_TeleportRing.uasset" 382
"../../../../../../Users/S Zjalic/Documents/Unreal Projects/SPACEGAME/Content/2D_Space_Starter_Kit/ExampleGames/CosmicFire/Flipbook/Effects/F_TeleportRing.uasset" 383
"../../../../../../Users/S Zjalic/Documents/Unreal Projects/SPACEGAME/Content/2D_Space_Starter_Kit/Materials/ProgressBar/Layers/ML_FullScanline.uasset" 384
"../../../../../../Users/S Zjalic/Documents/Unreal Projects/SPACEGAME/Content/2D_Space_Starter_Kit/Materials/ProgressBar/Layers/ML_Highlight.uasset" 385
"../../../../../../Users/S Zjalic/Documents/Unreal Projects/SPACEGAME/Content/2D_Space_Starter_Kit/Materials/ProgressBar/Layers/ML_Noise.uasset" 386
"../../../Engine/Content/MaterialTemplates/LayerBlends/LayerBlend_Scalar.uasset" 387
"../../../../../../Users/S Zjalic/Documents/Unreal Projects/SPACEGAME/Content/2D_Space_Starter_Kit/Materials/ProgressBar/Blends/MB_Lerp.uasset" 388
"../../../../../../Users/S Zjalic/Documents/Unreal Projects/SPACEGAME/Content/2D_Space_Starter_Kit/Materials/ProgressBar/Layers/Layer_Inst/MLI_VGradient_Inst.uasset" 389
"../../../../../../Users/S Zjalic/Documents/Unreal Projects/SPACEGAME/Content/2D_Space_Starter_Kit/ExampleGames/CosmicFire/Materials/UI/MI_Progress_H.uasset" 390
"../../../../../../Users/S Zjalic/Documents/Unreal Projects/SPACEGAME/Content/2D_Space_Starter_Kit/ExampleGames/CosmicFire/Textures/UMG/T_Scanlines_Vertical_DoubleLength.uasset" 391
"../../../../../../Users/S Zjalic/Documents/Unreal Projects/SPACEGAME/Content/2D_Space_Starter_Kit/ExampleGames/CosmicFire/Materials/UI/MI_ProgressV.uasset" 392
"../../../../../../Users/S Zjalic/Documents/Unreal Projects/SPACEGAME/Content/2D_Space_Starter_Kit/ExampleGames/CosmicFire/Textures/UMG/T_UI_Clear.uasset" 393
"../../../../../../Users/S Zjalic/Documents/Unreal Projects/SPACEGAME/Content/2D_Space_Starter_Kit/ExampleGames/CosmicFire/Widget/WBP_HUD.uasset" 394
"../../../../../../Users/S Zjalic/Documents/Unreal Projects/SPACEGAME/Content/2D_Space_Starter_Kit/ExampleGames/CosmicFire/Blueprints/Game/DamagableFlyingPawn/Player/BP_Ship.uasset" 395
"../../../../../../Users/S Zjalic/Documents/Unreal Projects/SPACEGAME/Content/2D_Space_Starter_Kit/ExampleGames/CosmicFire/Blueprints/Game/DamagableFlyingPawn/Enemy/Data/FC_DamageComponent.uasset" 396
"../../../../../../Users/S Zjalic/Documents/Unreal Projects/SPACEGAME/Content/2D_Space_Starter_Kit/ExampleGames/CosmicFire/Blueprints/Game/DamagableFlyingPawn/Enemy/Data/FBossLayer.uasset" 397
"../../../../../../Users/S Zjalic/Documents/Unreal Projects/SPACEGAME/Content/2D_Space_Starter_Kit/ExampleGames/CosmicFire/Blueprints/Game/DamagableFlyingPawn/Enemy/Data/FComponentSpec.uasset" 398
"../../../../../../Users/S Zjalic/Documents/Unreal Projects/SPACEGAME/Content/2D_Space_Starter_Kit/ExampleGames/CosmicFire/Textures/Ships/Enemy/T_BossAtlas_F.uasset" 399
"../../../../../../Users/S Zjalic/Documents/Unreal Projects/SPACEGAME/Content/2D_Space_Starter_Kit/ExampleGames/CosmicFire/Sprites/Ships/Enemy/S_Boss_Armour.uasset" 400
"../../../../../../Users/S Zjalic/Documents/Unreal Projects/SPACEGAME/Content/2D_Space_Starter_Kit/ExampleGames/CosmicFire/Flipbook/Ships/Enemy/Boss/F_Boss_Armour.uasset" 401
"../../../../../../Users/S Zjalic/Documents/Unreal Projects/SPACEGAME/Content/2D_Space_Starter_Kit/ExampleGames/CosmicFire/Sprites/Ships/Enemy/S_Boss_Base.uasset" 402
"../../../../../../Users/S Zjalic/Documents/Unreal Projects/SPACEGAME/Content/2D_Space_Starter_Kit/ExampleGames/CosmicFire/Flipbook/Ships/Enemy/Boss/F_Boss_Base.uasset" 403
"../../../../../../Users/S Zjalic/Documents/Unreal Projects/SPACEGAME/Content/2D_Space_Starter_Kit/ExampleGames/CosmicFire/Sprites/Ships/Enemy/S_Boss_BTurret.uasset" 404
"../../../../../../Users/S Zjalic/Documents/Unreal Projects/SPACEGAME/Content/2D_Space_Starter_Kit/ExampleGames/CosmicFire/Flipbook/Ships/Enemy/Boss/F_Boss_BTurret.uasset" 405
"../../../../../../Users/S Zjalic/Documents/Unreal Projects/SPACEGAME/Content/2D_Space_Starter_Kit/ExampleGames/CosmicFire/Sprites/Ships/Enemy/S_Boss_FTurret.uasset" 406
"../../../../../../Users/S Zjalic/Documents/Unreal Projects/SPACEGAME/Content/2D_Space_Starter_Kit/ExampleGames/CosmicFire/Flipbook/Ships/Enemy/Boss/F_Boss_FTurret.uasset" 407
"../../../../../../Users/S Zjalic/Documents/Unreal Projects/SPACEGAME/Content/2D_Space_Starter_Kit/ExampleGames/CosmicFire/Sprites/Ships/Enemy/S_Boss_TTurret.uasset" 408
"../../../../../../Users/S Zjalic/Documents/Unreal Projects/SPACEGAME/Content/2D_Space_Starter_Kit/ExampleGames/CosmicFire/Flipbook/Ships/Enemy/Boss/F_Boss_TTurret.uasset" 409
"../../../../../../Users/S Zjalic/Documents/Unreal Projects/SPACEGAME/Content/2D_Space_Starter_Kit/ExampleGames/CosmicFire/Blueprints/Game/DamagableFlyingPawn/Enemy/BP_BaseBoss.uasset" 410
"../../../../../../Users/S Zjalic/Documents/Unreal Projects/SPACEGAME/Content/2D_Space_Starter_Kit/ExampleGames/CosmicFire/Blueprints/Game/Gamemode/GM_BossMode.uasset" 411
"../../../../../../Users/S Zjalic/Documents/Unreal Projects/SPACEGAME/Content/2D_Space_Starter_Kit/ExampleGames/CosmicFire/Maps/L_CosmicFireStage_0_BuiltData.uasset" 412
"../../../../../../Users/S Zjalic/Documents/Unreal Projects/SPACEGAME/Content/2D_Space_Starter_Kit/ExampleGames/CosmicFire/Maps/L_CosmicFireStage_0.umap" 413
"../../../Engine/Content/EngineSky/C_Sky_Cloud_Color.uasset" 414
"../../../Engine/Content/EngineSky/C_Sky_Horizon_Color.uasset" 415
"../../../Engine/Content/EngineSky/C_Sky_Zenith_Color.uasset" 416
"../../../Engine/Content/EngineSky/T_Sky_Blue.uasset" 417
"../../../Engine/Content/EngineSky/T_Sky_Clouds_M.uasset" 418
"../../../Engine/Content/EngineSky/T_Sky_Stars.uasset" 419
"../../../Engine/Content/EngineSky/M_Sky_Panning_Clouds2.uasset" 420
"../../../Engine/Content/EngineSky/SM_SkySphere.uasset" 421
"../../../Engine/Content/EngineSky/BP_Sky_Sphere.uasset" 422
"../../../../../../Users/S Zjalic/Documents/Unreal Projects/SPACEGAME/Content/2D_Space_Starter_Kit/Maps/L_Entry_BuiltData.uasset" 423
"../../../Engine/Content/BasicShapes/Cube.uasset" 424
"../../../Engine/Content/MapTemplates/SM_Template_Map_Floor.uasset" 425
"../../../../../../Users/S Zjalic/Documents/Unreal Projects/SPACEGAME/Content/2D_Space_Starter_Kit/Maps/L_Entry.umap" 426
